Arguments: 
  /usr/local/bin/node /opt/yarn-v1.22.18/bin/yarn.js add pnpm -g

PATH: 
  /usr/local/sbin:/usr/local/bin:/usr/sbin:/usr/bin:/sbin:/bin

Yarn version: 
  1.22.18

Node version: 
  17.9.0

Platform: 
  linux x64

Trace: 
  Error: ENOENT: no such file or directory, copyfile '/usr/local/share/.cache/yarn/v6/npm-make-dir-2.1.0-5f0310e18b8be898cc07009295a30ae41e91e6f5-integrity/node_modules/make-dir/license' -> '/app/node_modules/less/node_modules/make-dir/license'

npm manifest: 
  {
    "name": "factory",
    "version": "1.0.0",
    "description": "",
    "main": "server.js",
    "sideEffects": [
      "src/*.less",
      "src/*.tsx"
    ],
    "scripts": {
      "Sdev": "node .",
      "analyzer": "cross-env NODE_ENV=analyzer webpack -c ./config/analy.config.js",
      "prd": "cross-env NODE_ENV=production webpack -c ./config/webpack.prd.config.js",
      "dev": "cross-env NODE_ENV=development webpack serve --hot --color -c ./config/webpack.dev.config.js",
      "pretty:code": "prettier --write \"{src,mock}/**/*.{js,ts,tsx,css,less,md,json}\"",
      "lint:ts": "tsc --noEmit && eslint '*/**/*.{js,jsx,ts,tsx}' --quiet --fix --cache",
      "lint:css": "stylelint src/**/*.css --fix",
      "lint:less": "stylelint --color --fix src/**/*.{html,css,less} --custom-syntax postcss-less --cache",
      "lint:scss": "stylelint --color --fix src/**/*.{html,css,scss} --custom-syntax postcss-scss --cache",
      "compress": "tinyit ./src ./src -key=HVm5yFJFTBDVsSfmVX083ZQShzLqZvM3 -filter=true",
      "prepare": "husky install",
      "test": "jest --coverage --cache  --color",
      "precommit": "npm run lint:less && npm run lint:ts && npm run pretty:code"
    },
    "repository": {
      "type": "git",
      "url": "git+https://github.com/freezestanley/Factory.git"
    },
    "author": "",
    "license": "ISC",
    "bugs": {
      "url": "https://github.com/freezestanley/Factory/issues"
    },
    "homepage": "https://github.com/freezestanley/Factory#readme",
    "devDependencies": {
      "@babel/cli": "^7.17.6",
      "@babel/core": "^7.17.9",
      "@babel/plugin-proposal-class-properties": "^7.16.7",
      "@babel/plugin-proposal-decorators": "^7.17.9",
      "@babel/plugin-proposal-nullish-coalescing-operator": "^7.16.7",
      "@babel/plugin-proposal-object-rest-spread": "^7.17.3",
      "@babel/plugin-proposal-optional-chaining": "^7.16.7",
      "@babel/plugin-proposal-throw-expressions": "^7.16.7",
      "@babel/plugin-syntax-dynamic-import": "^7.8.3",
      "@babel/plugin-transform-runtime": "^7.17.0",
      "@babel/preset-env": "^7.16.11",
      "@babel/preset-react": "^7.16.7",
      "@babel/preset-typescript": "^7.16.7",
      "@babel/runtime-corejs3": "^7.17.9",
      "@commitlint/cli": "^16.2.3",
      "@commitlint/config-conventional": "^16.2.1",
      "@loadable/babel-plugin": "^5.13.2",
      "@loadable/webpack-plugin": "^5.15.2",
      "@testing-library/dom": "^8.13.0",
      "@testing-library/jest-dom": "^5.16.4",
      "@testing-library/react": "^12.1.4",
      "@testing-library/react-hooks": "^7.0.2",
      "@testing-library/user-event": "^13.5.0",
      "@types/jest": "^27.4.1",
      "@types/react": "^17.0.44",
      "@types/react-dom": "^17.0.15",
      "@types/react-loadable": "^5.5.6",
      "@types/react-router-dom": "^5.3.3",
      "@types/workbox-routing": "^4.3.1",
      "@typescript-eslint/eslint-plugin": "^5.18.0",
      "@typescript-eslint/parser": "^5.18.0",
      "babel-jest": "^27.5.1",
      "babel-loader": "^8.2.4",
      "clean-webpack-plugin": "^4.0.0",
      "copy-webpack-plugin": "9.1.0",
      "cross-env": "^7.0.3",
      "css-loader": "^6.7.1",
      "css-minimizer-webpack-plugin": "^3.4.1",
      "eslint": "^8.12.0",
      "eslint-config-prettier": "^8.5.0",
      "eslint-import-resolver-alias": "^1.1.2",
      "eslint-plugin-babel": "^5.3.1",
      "eslint-plugin-import": "^2.26.0",
      "eslint-plugin-prettier": "^4.0.0",
      "eslint-plugin-react": "^7.29.4",
      "eslint-plugin-react-hooks": "^4.4.0",
      "eslint-webpack-plugin": "^3.1.1",
      "fork-ts-checker-webpack-plugin": "^7.2.3",
      "html-webpack-plugin": "^5.5.0",
      "husky": "^7.0.4",
      "identity-obj-proxy": "^3.0.0",
      "jest": "^27.5.1",
      "kill-port": "^1.6.1",
      "less": "^4.1.2",
      "less-loader": "^10.2.0",
      "lint-staged": "^12.3.7",
      "mini-css-extract-plugin": "^2.6.0",
      "msw": "^0.39.2",
      "postcss": "^8.4.12",
      "postcss-less": "^6.0.0",
      "postcss-loader": "^6.2.1",
      "postcss-modules": "^4.3.1",
      "postcss-preset-env": "^7.4.3",
      "postcss-px-to-viewport": "^1.1.1",
      "postcss-sass": "^0.5.0",
      "postcss-scss": "^4.0.3",
      "postcss-svgo": "^5.1.0",
      "postcss-syntax": "^0.36.2",
      "prettier": "^2.6.2",
      "prop-types": "^15.8.1",
      "sass": "^1.50.0",
      "sass-loader": "^12.6.0",
      "speed-measure-webpack-plugin": "^1.5.0",
      "style-loader": "^3.3.1",
      "stylelint": "^14.6.1",
      "stylelint-config-prettier": "^9.0.3",
      "stylelint-config-recommended": "^7.0.0",
      "stylelint-order": "^5.0.0",
      "stylelint-prettier": "^2.0.0",
      "stylelint-webpack-plugin": "^3.2.0",
      "svgo": "^2.8.0",
      "terser-webpack-plugin": "^5.3.1",
      "thread-loader": "^3.0.4",
      "tinyimg-webpack-plugin": "^0.1.0",
      "tinyit": "^1.0.12",
      "typescript": "^4.6.3",
      "uuid": "8.3.2",
      "webpack": "^5.72.0",
      "webpack-bundle-analyzer": "^4.5.0",
      "webpack-cli": "^4.9.2",
      "webpack-dev-server": "^4.8.1",
      "webpack-merge": "^5.8.0",
      "workbox-webpack-plugin": "^6.5.2"
    },
    "dependencies": {
      "@loadable/component": "^5.15.2",
      "@types/loadable__component": "^5.13.4",
      "ahooks": "^3.3.8",
      "classnames": "^2.3.1",
      "godb": "^0.6.2",
      "history": "^5.3.0",
      "modern-css-reset": "^1.4.0",
      "react": "^17.0.2",
      "react-activation": "^0.9.12",
      "react-dom": "^17.0.2",
      "react-intersection-observer": "^8.33.1",
      "react-router-dom": "^6.3.0",
      "umi-request": "^1.4.0"
    },
    "lint-staged": {
      "src/**/*.{js,ts,jsx,tsx}": [
        "eslint --fix",
        "prettier --write"
      ],
      "src/**/*.{css,less}": [
        "stylelint --fix --custom-syntax postcss-less --cache",
        "prettier --write"
      ],
      "**/*.{md,json}": [
        "prettier --write"
      ]
    },
    "engines": {
      "node": ">=14.18.2"
    }
  }

yarn manifest: 
  No manifest

Lockfile: 
  No lockfile
